\BOOKMARK [1][-]{section.1}{Inledning}{}% 1
\BOOKMARK [2][-]{subsection.1.1}{Introduktion}{section.1}% 2
\BOOKMARK [2][-]{subsection.1.2}{Syfte}{section.1}% 3
\BOOKMARK [2][-]{subsection.1.3}{Bakgrund}{section.1}% 4
\BOOKMARK [3][-]{subsubsection.1.3.1}{Fysikalisk modellering}{subsection.1.3}% 5
\BOOKMARK [3][-]{subsubsection.1.3.2}{Numerisk l\366sning av differentialekvationer}{subsection.1.3}% 6
\BOOKMARK [3][-]{subsubsection.1.3.3}{Euler}{subsection.1.3}% 7
\BOOKMARK [3][-]{subsubsection.1.3.4}{Runge Kutta}{subsection.1.3}% 8
\BOOKMARK [1][-]{section.2}{Metod}{}% 9
\BOOKMARK [2][-]{subsection.2.1}{F\366rstudier}{section.2}% 10
\BOOKMARK [3][-]{subsubsection.2.1.1}{Kraftekvation}{subsection.2.1}% 11
\BOOKMARK [3][-]{subsubsection.2.1.2}{Utveckling av MSD-system}{subsection.2.1}% 12
\BOOKMARK [4][-]{paragraph.2.1.2.1}{En dimension}{subsubsection.2.1.2}% 13
\BOOKMARK [4][-]{paragraph.2.1.2.2}{Tv\345 dimensioner}{subsubsection.2.1.2}% 14
\BOOKMARK [3][-]{subsubsection.2.1.3}{Indexering av partiklar och kopplingar}{subsection.2.1}% 15
\BOOKMARK [3][-]{subsubsection.2.1.4}{Interaktion med omgivning}{subsection.2.1}% 16
\BOOKMARK [3][-]{subsubsection.2.1.5}{Implementering av kraftekvationen}{subsection.2.1}% 17
\BOOKMARK [2][-]{subsection.2.2}{Implementering}{section.2}% 18
\BOOKMARK [3][-]{subsubsection.2.2.1}{Grundl\344ggande systemarkitektur}{subsection.2.2}% 19
\BOOKMARK [3][-]{subsubsection.2.2.2}{Implementering av numeriska integreringsmetoder}{subsection.2.2}% 20
\BOOKMARK [4][-]{paragraph.2.2.2.1}{Eulers stegmetod}{subsubsection.2.2.2}% 21
\BOOKMARK [4][-]{paragraph.2.2.2.2}{Runge Kutta}{subsubsection.2.2.2}% 22
\BOOKMARK [3][-]{subsubsection.2.2.3}{Rendering}{subsection.2.2}% 23
\BOOKMARK [2][-]{subsection.2.3}{Stabilitets- och prestandatest}{section.2}% 24
\BOOKMARK [1][-]{section.3}{Resultat}{}% 25
\BOOKMARK [2][-]{subsection.3.1}{Resultat fr\345n f\366rstudier}{section.3}% 26
\BOOKMARK [3][-]{subsubsection.3.1.1}{En dimension}{subsection.3.1}% 27
\BOOKMARK [3][-]{subsubsection.3.1.2}{Tv\345 dimensioner}{subsection.3.1}% 28
\BOOKMARK [2][-]{subsection.3.2}{Resultat fr\345n implementering}{section.3}% 29
\BOOKMARK [2][-]{subsection.3.3}{Resultat fr\345n stabilitets- och prestandatest}{section.3}% 30
\BOOKMARK [1][-]{section.4}{Diskussion}{}% 31
\BOOKMARK [1][-]{section.5}{Slutsats}{}% 32
\BOOKMARK [1][-]{appendix.A}{Beskrivning av systemet}{}% 33
\BOOKMARK [2][-]{subsection.A.1}{Systemkrav}{appendix.A}% 34
\BOOKMARK [3][-]{subsubsection.A.1.1}{H\345rdvara}{subsection.A.1}% 35
\BOOKMARK [3][-]{subsubsection.A.1.2}{Mjukvara}{subsection.A.1}% 36
\BOOKMARK [2][-]{subsection.A.2}{K\366ra programmet}{appendix.A}% 37
