This is pdfTeX, Version 3.1415926-2.5-1.40.14 (TeX Live 2013) (format=pdflatex 2014.2.4)  13 MAR 2014 13:54
entering extended mode
 restricted \write18 enabled.
 file:line:error style messages enabled.
 %&-line parsing enabled.
**rapport.tex
(./rapport.tex
LaTeX2e <2011/06/27>
Babel <3.9f> and hyphenation patterns for 78 languages loaded.
(/usr/local/texlive/2013/texmf-dist/tex/latex/extsizes/extarticle.cls
Document Class: extarticle 1996/10/08 v1.0 Non Standard LaTeX document class
(/usr/local/texlive/2013/texmf-dist/tex/latex/base/size12.clo
File: size12.clo 2007/10/19 v1.4h Standard LaTeX file (size option)
)
(/usr/local/texlive/2013/texmf-dist/tex/latex/base/exscale.sty
Package: exscale 2007/10/29 v2.1h Standard LaTeX package exscale
LaTeX Font Info:    Redeclaring symbol font `largesymbols' on input line 52.
LaTeX Font Info:    Overwriting symbol font `largesymbols' in version `normal'
(Font)                  OMX/cmex/m/n --> OMX/cmex/m/n on input line 52.
LaTeX Font Info:    Overwriting symbol font `largesymbols' in version `bold'
(Font)                  OMX/cmex/m/n --> OMX/cmex/m/n on input line 52.
\big@size=\dimen102
)
\c@part=\count79
\c@section=\count80
\c@subsection=\count81
\c@subsubsection=\count82
\c@paragraph=\count83
\c@subparagraph=\count84
\c@figure=\count85
\c@table=\count86
\abovecaptionskip=\skip41
\belowcaptionskip=\skip42
\bibindent=\dimen103
)
(/usr/local/texlive/2013/texmf-dist/tex/latex/base/inputenc.sty
Package: inputenc 2008/03/30 v1.1d Input encoding file
\inpenc@prehook=\toks14
\inpenc@posthook=\toks15

(/usr/local/texlive/2013/texmf-dist/tex/latex/base/latin1.def
File: latin1.def 2008/03/30 v1.1d Input encoding file
))
(/usr/local/texlive/2013/texmf-dist/tex/latex/base/fontenc.sty
Package: fontenc 2005/09/27 v1.99g Standard LaTeX package

(/usr/local/texlive/2013/texmf-dist/tex/latex/base/t1enc.def
File: t1enc.def 2005/09/27 v1.99g Standard LaTeX file
LaTeX Font Info:    Redeclaring font encoding T1 on input line 43.
))
(/usr/local/texlive/2013/texmf-dist/tex/latex/graphics/graphicx.sty
Package: graphicx 1999/02/16 v1.0f Enhanced LaTeX Graphics (DPC,SPQR)

(/usr/local/texlive/2013/texmf-dist/tex/latex/graphics/keyval.sty
Package: keyval 1999/03/16 v1.13 key=value parser (DPC)
\KV@toks@=\toks16
)
(/usr/local/texlive/2013/texmf-dist/tex/latex/graphics/graphics.sty
Package: graphics 2009/02/05 v1.0o Standard LaTeX Graphics (DPC,SPQR)

(/usr/local/texlive/2013/texmf-dist/tex/latex/graphics/trig.sty
Package: trig 1999/03/16 v1.09 sin cos tan (DPC)
)
(/usr/local/texlive/2013/texmf-dist/tex/latex/latexconfig/graphics.cfg
File: graphics.cfg 2010/04/23 v1.9 graphics configuration of TeX Live
)
Package graphics Info: Driver file: pdftex.def on input line 91.

(/usr/local/texlive/2013/texmf-dist/tex/latex/pdftex-def/pdftex.def
File: pdftex.def 2011/05/27 v0.06d Graphics/color for pdfTeX

(/usr/local/texlive/2013/texmf-dist/tex/generic/oberdiek/infwarerr.sty
Package: infwarerr 2010/04/08 v1.3 Providing info/warning/error messages (HO)
)
(/usr/local/texlive/2013/texmf-dist/tex/generic/oberdiek/ltxcmds.sty
Package: ltxcmds 2011/11/09 v1.22 LaTeX kernel commands for general use (HO)
)
\Gread@gobject=\count87
))
\Gin@req@height=\dimen104
\Gin@req@width=\dimen105
)
(/usr/local/texlive/2013/texmf-dist/tex/latex/psnfss/times.sty
Package: times 2005/04/12 PSNFSS-v9.2a (SPQR) 
)
(/usr/local/texlive/2013/texmf-dist/tex/generic/babel/babel.sty
Package: babel 2013/05/16 v3.9f The Babel package

(/usr/local/texlive/2013/texmf-dist/tex/generic/babel-swedish/swedish.ldf
Language: swedish 2005/03/31 v2.3d Swedish support from the babel system

(/usr/local/texlive/2013/texmf-dist/tex/generic/babel/babel.def
File: babel.def 2013/05/16 v3.9f Babel common definitions
\babel@savecnt=\count88
\U@D=\dimen106
)
Package babel Info: Making " an active character on input line 90.
))
(/usr/local/texlive/2013/texmf-dist/tex/latex/preprint/authblk.sty
Package: authblk 2001/02/27 1.3 (PWD)
\affilsep=\skip43
\@affilsep=\skip44
\c@Maxaffil=\count89
\c@authors=\count90
\c@affil=\count91
)
(/usr/local/texlive/2013/texmf-dist/tex/latex/geometry/geometry.sty
Package: geometry 2010/09/12 v5.6 Page Geometry

(/usr/local/texlive/2013/texmf-dist/tex/generic/oberdiek/ifpdf.sty
Package: ifpdf 2011/01/30 v2.3 Provides the ifpdf switch (HO)
Package ifpdf Info: pdfTeX in PDF mode is detected.
)
(/usr/local/texlive/2013/texmf-dist/tex/generic/oberdiek/ifvtex.sty
Package: ifvtex 2010/03/01 v1.5 Detect VTeX and its facilities (HO)
Package ifvtex Info: VTeX not detected.
)
(/usr/local/texlive/2013/texmf-dist/tex/generic/ifxetex/ifxetex.sty
Package: ifxetex 2010/09/12 v0.6 Provides ifxetex conditional
)
\Gm@cnth=\count92
\Gm@cntv=\count93
\c@Gm@tempcnt=\count94
\Gm@bindingoffset=\dimen107
\Gm@wd@mp=\dimen108
\Gm@odd@mp=\dimen109
\Gm@even@mp=\dimen110
\Gm@layoutwidth=\dimen111
\Gm@layoutheight=\dimen112
\Gm@layouthoffset=\dimen113
\Gm@layoutvoffset=\dimen114
\Gm@dimlist=\toks17
)
(/usr/local/texlive/2013/texmf-dist/tex/latex/hyperref/hyperref.sty
Package: hyperref 2012/11/06 v6.83m Hypertext links for LaTeX

(/usr/local/texlive/2013/texmf-dist/tex/generic/oberdiek/hobsub-hyperref.sty
Package: hobsub-hyperref 2012/05/28 v1.13 Bundle oberdiek, subset hyperref (HO)


(/usr/local/texlive/2013/texmf-dist/tex/generic/oberdiek/hobsub-generic.sty
Package: hobsub-generic 2012/05/28 v1.13 Bundle oberdiek, subset generic (HO)
Package: hobsub 2012/05/28 v1.13 Construct package bundles (HO)
Package hobsub Info: Skipping package `infwarerr' (already loaded).
Package hobsub Info: Skipping package `ltxcmds' (already loaded).
Package: ifluatex 2010/03/01 v1.3 Provides the ifluatex switch (HO)
Package ifluatex Info: LuaTeX not detected.
Package hobsub Info: Skipping package `ifvtex' (already loaded).
Package: intcalc 2007/09/27 v1.1 Expandable calculations with integers (HO)
Package hobsub Info: Skipping package `ifpdf' (already loaded).
Package: etexcmds 2011/02/16 v1.5 Avoid name clashes with e-TeX commands (HO)
Package etexcmds Info: Could not find \expanded.
(etexcmds)             That can mean that you are not using pdfTeX 1.50 or
(etexcmds)             that some package has redefined \expanded.
(etexcmds)             In the latter case, load this package earlier.
Package: kvsetkeys 2012/04/25 v1.16 Key value parser (HO)
Package: kvdefinekeys 2011/04/07 v1.3 Define keys (HO)
Package: pdftexcmds 2011/11/29 v0.20 Utility functions of pdfTeX for LuaTeX (HO
)
Package pdftexcmds Info: LuaTeX not detected.
Package pdftexcmds Info: \pdf@primitive is available.
Package pdftexcmds Info: \pdf@ifprimitive is available.
Package pdftexcmds Info: \pdfdraftmode found.
Package: pdfescape 2011/11/25 v1.13 Implements pdfTeX's escape features (HO)
Package: bigintcalc 2012/04/08 v1.3 Expandable calculations on big integers (HO
)
Package: bitset 2011/01/30 v1.1 Handle bit-vector datatype (HO)
Package: uniquecounter 2011/01/30 v1.2 Provide unlimited unique counter (HO)
)
Package hobsub Info: Skipping package `hobsub' (already loaded).
Package: letltxmacro 2010/09/02 v1.4 Let assignment for LaTeX macros (HO)
Package: hopatch 2012/05/28 v1.2 Wrapper for package hooks (HO)
Package: xcolor-patch 2011/01/30 xcolor patch
Package: atveryend 2011/06/30 v1.8 Hooks at the very end of document (HO)
Package atveryend Info: \enddocument detected (standard20110627).
Package: atbegshi 2011/10/05 v1.16 At begin shipout hook (HO)
Package: refcount 2011/10/16 v3.4 Data extraction from label references (HO)
Package: hycolor 2011/01/30 v1.7 Color options for hyperref/bookmark (HO)
)
(/usr/local/texlive/2013/texmf-dist/tex/latex/oberdiek/auxhook.sty
Package: auxhook 2011/03/04 v1.3 Hooks for auxiliary files (HO)
)
(/usr/local/texlive/2013/texmf-dist/tex/latex/oberdiek/kvoptions.sty
Package: kvoptions 2011/06/30 v3.11 Key value format for package options (HO)
)
\@linkdim=\dimen115
\Hy@linkcounter=\count95
\Hy@pagecounter=\count96

(/usr/local/texlive/2013/texmf-dist/tex/latex/hyperref/pd1enc.def
File: pd1enc.def 2012/11/06 v6.83m Hyperref: PDFDocEncoding definition (HO)
)
\Hy@SavedSpaceFactor=\count97

(/usr/local/texlive/2013/texmf-dist/tex/latex/latexconfig/hyperref.cfg
File: hyperref.cfg 2002/06/06 v1.2 hyperref configuration of TeXLive
)
Package hyperref Info: Option `final' set `true' on input line 4319.
Package hyperref Info: Hyper figures OFF on input line 4443.
Package hyperref Info: Link nesting OFF on input line 4448.
Package hyperref Info: Hyper index ON on input line 4451.
Package hyperref Info: Plain pages OFF on input line 4458.
Package hyperref Info: Backreferencing OFF on input line 4463.
Package hyperref Info: Implicit mode ON; LaTeX internals redefined.
Package hyperref Info: Bookmarks ON on input line 4688.
\c@Hy@tempcnt=\count98

(/usr/local/texlive/2013/texmf-dist/tex/latex/url/url.sty
\Urlmuskip=\muskip10
Package: url 2006/04/12  ver 3.3  Verb mode for urls, etc.
)
LaTeX Info: Redefining \url on input line 5041.
\XeTeXLinkMargin=\dimen116
\Fld@menulength=\count99
\Field@Width=\dimen117
\Fld@charsize=\dimen118
Package hyperref Info: Hyper figures OFF on input line 6295.
Package hyperref Info: Link nesting OFF on input line 6300.
Package hyperref Info: Hyper index ON on input line 6303.
Package hyperref Info: backreferencing OFF on input line 6310.
Package hyperref Info: Link coloring OFF on input line 6315.
Package hyperref Info: Link coloring with OCG OFF on input line 6320.
Package hyperref Info: PDF/A mode OFF on input line 6325.
LaTeX Info: Redefining \ref on input line 6365.
LaTeX Info: Redefining \pageref on input line 6369.
\Hy@abspage=\count100
\c@Item=\count101
\c@Hfootnote=\count102
)

Package hyperref Message: Driver (autodetected): hpdftex.

(/usr/local/texlive/2013/texmf-dist/tex/latex/hyperref/hpdftex.def
File: hpdftex.def 2012/11/06 v6.83m Hyperref driver for pdfTeX
\Fld@listcount=\count103
\c@bookmark@seq@number=\count104

(/usr/local/texlive/2013/texmf-dist/tex/latex/oberdiek/rerunfilecheck.sty
Package: rerunfilecheck 2011/04/15 v1.7 Rerun checks for auxiliary files (HO)
Package uniquecounter Info: New unique counter `rerunfilecheck' on input line 2
82.
)
\Hy@SectionHShift=\skip45
)
(/usr/local/texlive/2013/texmf-dist/tex/latex/fancyhdr/fancyhdr.sty
\fancy@headwidth=\skip46
\f@ncyO@elh=\skip47
\f@ncyO@erh=\skip48
\f@ncyO@olh=\skip49
\f@ncyO@orh=\skip50
\f@ncyO@elf=\skip51
\f@ncyO@erf=\skip52
\f@ncyO@olf=\skip53
\f@ncyO@orf=\skip54
)
(/usr/local/texlive/2013/texmf-dist/tex/latex/titling/titling.sty
Package: titling 2009/09/04 v2.1d maketitle typesetting
\thanksmarkwidth=\skip55
\thanksmargin=\skip56
\droptitle=\skip57
)
(./rapport.aux)
\openout1 = `rapport.aux'.

LaTeX Font Info:    Checking defaults for OML/cmm/m/it on input line 32.
LaTeX Font Info:    ... okay on input line 32.
LaTeX Font Info:    Checking defaults for T1/cmr/m/n on input line 32.
LaTeX Font Info:    ... okay on input line 32.
LaTeX Font Info:    Checking defaults for OT1/cmr/m/n on input line 32.
LaTeX Font Info:    ... okay on input line 32.
LaTeX Font Info:    Checking defaults for OMS/cmsy/m/n on input line 32.
LaTeX Font Info:    ... okay on input line 32.
LaTeX Font Info:    Checking defaults for OMX/cmex/m/n on input line 32.
LaTeX Font Info:    ... okay on input line 32.
LaTeX Font Info:    Checking defaults for U/cmr/m/n on input line 32.
LaTeX Font Info:    ... okay on input line 32.
LaTeX Font Info:    Checking defaults for PD1/pdf/m/n on input line 32.
LaTeX Font Info:    ... okay on input line 32.
LaTeX Font Info:    Try loading font information for T1+ptm on input line 32.
 (/usr/local/texlive/2013/texmf-dist/tex/latex/psnfss/t1ptm.fd
File: t1ptm.fd 2001/06/04 font definitions for T1/ptm.
)
(/usr/local/texlive/2013/texmf-dist/tex/context/base/supp-pdf.mkii
[Loading MPS to PDF converter (version 2006.09.02).]
\scratchcounter=\count105
\scratchdimen=\dimen119
\scratchbox=\box26
\nofMPsegments=\count106
\nofMParguments=\count107
\everyMPshowfont=\toks18
\MPscratchCnt=\count108
\MPscratchDim=\dimen120
\MPnumerator=\count109
\makeMPintoPDFobject=\count110
\everyMPtoPDFconversion=\toks19
) (/usr/local/texlive/2013/texmf-dist/tex/latex/oberdiek/epstopdf-base.sty
Package: epstopdf-base 2010/02/09 v2.5 Base part for package epstopdf

(/usr/local/texlive/2013/texmf-dist/tex/latex/oberdiek/grfext.sty
Package: grfext 2010/08/19 v1.1 Manage graphics extensions (HO)
)
Package grfext Info: Graphics extension search list:
(grfext)             [.png,.pdf,.jpg,.mps,.jpeg,.jbig2,.jb2,.PNG,.PDF,.JPG,.JPE
G,.JBIG2,.JB2,.eps]
(grfext)             \AppendGraphicsExtensions on input line 452.

(/usr/local/texlive/2013/texmf-dist/tex/latex/latexconfig/epstopdf-sys.cfg
File: epstopdf-sys.cfg 2010/07/13 v1.3 Configuration of (r)epstopdf for TeX Liv
e
))
*geometry* driver: auto-detecting
*geometry* detected driver: pdftex
*geometry* verbose mode - [ preamble ] result:
* driver: pdftex
* paper: a4paper
* layout: <same size as paper>
* layoutoffset:(h,v)=(0.0pt,0.0pt)
* modes: 
* h-part:(L,W,R)=(56.9055pt, 483.69687pt, 56.9055pt)
* v-part:(T,H,B)=(56.9055pt, 731.23584pt, 56.9055pt)
* \paperwidth=597.50787pt
* \paperheight=845.04684pt
* \textwidth=483.69687pt
* \textheight=731.23584pt
* \oddsidemargin=-15.36449pt
* \evensidemargin=-15.36449pt
* \topmargin=-52.36449pt
* \headheight=12.0pt
* \headsep=25.0pt
* \topskip=12.0pt
* \footskip=30.0pt
* \marginparwidth=35.0pt
* \marginparsep=10.0pt
* \columnsep=10.0pt
* \skip\footins=10.8pt plus 4.0pt minus 2.0pt
* \hoffset=0.0pt
* \voffset=0.0pt
* \mag=1000
* \@twocolumnfalse
* \@twosidefalse
* \@mparswitchfalse
* \@reversemarginfalse
* (1in=72.27pt=25.4mm, 1cm=28.453pt)

\AtBeginShipoutBox=\box27
Package hyperref Info: Link coloring OFF on input line 32.
(/usr/local/texlive/2013/texmf-dist/tex/latex/hyperref/nameref.sty
Package: nameref 2012/10/27 v2.43 Cross-referencing by name of section

(/usr/local/texlive/2013/texmf-dist/tex/generic/oberdiek/gettitlestring.sty
Package: gettitlestring 2010/12/03 v1.4 Cleanup title references (HO)
)
\c@section@level=\count111
)
LaTeX Info: Redefining \ref on input line 32.
LaTeX Info: Redefining \pageref on input line 32.
LaTeX Info: Redefining \nameref on input line 32.

(./rapport.out) (./rapport.out)
\@outlinefile=\write3
\openout3 = `rapport.out'.

LaTeX Font Info:    External font `cmex7' loaded for size
(Font)              <7> on input line 37.
Package babel Info: Redefining swedish shorthand "|
(babel)             in language  on input line 43.
Package babel Info: Redefining swedish shorthand "~
(babel)             in language  on input line 43.
Package babel Info: Redefining swedish shorthand "|
(babel)             in language  on input line 43.
Package babel Info: Redefining swedish shorthand "~
(babel)             in language  on input line 43.
 [1


{/usr/local/texlive/2013/texmf-var/fonts/map/pdftex/updmap/pdftex.map}]
LaTeX Font Info:    Font shape `T1/ptm/bx/n' in size <10.95> not available
(Font)              Font shape `T1/ptm/b/n' tried instead on input line 48.
Package babel Info: Redefining swedish shorthand "|
(babel)             in language  on input line 54.
Package babel Info: Redefining swedish shorthand "~
(babel)             in language  on input line 54.
Package babel Info: Redefining swedish shorthand "|
(babel)             in language  on input line 54.
Package babel Info: Redefining swedish shorthand "~
(babel)             in language  on input line 54.
 [2]
LaTeX Font Info:    Font shape `T1/ptm/bx/n' in size <17.28> not available
(Font)              Font shape `T1/ptm/b/n' tried instead on input line 56.
 (./rapport.toc
LaTeX Font Info:    Font shape `T1/ptm/bx/n' in size <12> not available
(Font)              Font shape `T1/ptm/b/n' tried instead on input line 3.
LaTeX Font Info:    External font `cmex7' loaded for size
(Font)              <6> on input line 4.
)
\tf@toc=\write4
\openout4 = `rapport.toc'.

 (./rapport.lof)
\tf@lof=\write5
\openout5 = `rapport.lof'.

 (./rapport.lot)
\tf@lot=\write6
\openout6 = `rapport.lot'.

Package babel Info: Redefining swedish shorthand "|
(babel)             in language  on input line 67.
Package babel Info: Redefining swedish shorthand "~
(babel)             in language  on input line 67.
Package babel Info: Redefining swedish shorthand "|
(babel)             in language  on input line 67.
Package babel Info: Redefining swedish shorthand "~
(babel)             in language  on input line 67.

[3]
Package babel Info: Redefining swedish shorthand "|
(babel)             in language  on input line 67.
Package babel Info: Redefining swedish shorthand "~
(babel)             in language  on input line 67.
Package babel Info: Redefining swedish shorthand "|
(babel)             in language  on input line 67.
Package babel Info: Redefining swedish shorthand "~
(babel)             in language  on input line 67.
 [4]
Package babel Info: Redefining swedish shorthand "|
(babel)             in language  on input line 71.
Package babel Info: Redefining swedish shorthand "~
(babel)             in language  on input line 71.
LaTeX Font Info:    Font shape `T1/ptm/bx/n' in size <14.4> not available
(Font)              Font shape `T1/ptm/b/n' tried instead on input line 73.
Package babel Info: Redefining swedish shorthand "|
(babel)             in language  on input line 73.
Package babel Info: Redefining swedish shorthand "~
(babel)             in language  on input line 73.
Package babel Info: Redefining swedish shorthand "|
(babel)             in language  on input line 75.
Package babel Info: Redefining swedish shorthand "~
(babel)             in language  on input line 75.
Package babel Info: Redefining swedish shorthand "|
(babel)             in language  on input line 78.
Package babel Info: Redefining swedish shorthand "~
(babel)             in language  on input line 78.
Package babel Info: Redefining swedish shorthand "|
(babel)             in language  on input line 79.
Package babel Info: Redefining swedish shorthand "~
(babel)             in language  on input line 79.

Underfull \hbox (badness 10000) in paragraph at lines 80--86

 []


Underfull \hbox (badness 10000) in paragraph at lines 80--86

 []


Underfull \hbox (badness 10000) in paragraph at lines 80--86

 []


Underfull \hbox (badness 10000) in paragraph at lines 87--93

 []


Underfull \hbox (badness 10000) in paragraph at lines 87--93

 []


Underfull \hbox (badness 10000) in paragraph at lines 87--93

 []

Package babel Info: Redefining swedish shorthand "|
(babel)             in language  on input line 93.
Package babel Info: Redefining swedish shorthand "~
(babel)             in language  on input line 93.
Package babel Info: Redefining swedish shorthand "|
(babel)             in language  on input line 94.
Package babel Info: Redefining swedish shorthand "~
(babel)             in language  on input line 94.
Package babel Info: Redefining swedish shorthand "|
(babel)             in language  on input line 95.
Package babel Info: Redefining swedish shorthand "~
(babel)             in language  on input line 95.
Package babel Info: Redefining swedish shorthand "|
(babel)             in language  on input line 99.
Package babel Info: Redefining swedish shorthand "~
(babel)             in language  on input line 99.
Package babel Info: Redefining swedish shorthand "|
(babel)             in language  on input line 100.
Package babel Info: Redefining swedish shorthand "~
(babel)             in language  on input line 100.
Package babel Info: Redefining swedish shorthand "|
(babel)             in language  on input line 101.
Package babel Info: Redefining swedish shorthand "~
(babel)             in language  on input line 101.
Package babel Info: Redefining swedish shorthand "|
(babel)             in language  on input line 102.
Package babel Info: Redefining swedish shorthand "~
(babel)             in language  on input line 102.
Package babel Info: Redefining swedish shorthand "|
(babel)             in language  on input line 103.
Package babel Info: Redefining swedish shorthand "~
(babel)             in language  on input line 103.
Package babel Info: Redefining swedish shorthand "|
(babel)             in language  on input line 104.
Package babel Info: Redefining swedish shorthand "~
(babel)             in language  on input line 104.
Package babel Info: Redefining swedish shorthand "|
(babel)             in language  on input line 105.
Package babel Info: Redefining swedish shorthand "~
(babel)             in language  on input line 105.
Package babel Info: Redefining swedish shorthand "|
(babel)             in language  on input line 107.
Package babel Info: Redefining swedish shorthand "~
(babel)             in language  on input line 107.
Package babel Info: Redefining swedish shorthand "|
(babel)             in language  on input line 107.
Package babel Info: Redefining swedish shorthand "~
(babel)             in language  on input line 107.
pdfTeX warning (ext4): destination with the same identifier (name{page.1}) has 
been already used, duplicate ignored
<to be read again> 
                   \relax 
l.107 \subsubsection
                    {Interaktion med omgivning} [1]
Package babel Info: Redefining swedish shorthand "|
(babel)             in language  on input line 107.
Package babel Info: Redefining swedish shorthand "~
(babel)             in language  on input line 107.
Package babel Info: Redefining swedish shorthand "|
(babel)             in language  on input line 109.
Package babel Info: Redefining swedish shorthand "~
(babel)             in language  on input line 109.
Package babel Info: Redefining swedish shorthand "|
(babel)             in language  on input line 112.
Package babel Info: Redefining swedish shorthand "~
(babel)             in language  on input line 112.
Package babel Info: Redefining swedish shorthand "|
(babel)             in language  on input line 114.
Package babel Info: Redefining swedish shorthand "~
(babel)             in language  on input line 114.

<Bilder/Arkitektur.png, id=223, 634.2897pt x 354.8457pt>
File: Bilder/Arkitektur.png Graphic file (type png)

<use Bilder/Arkitektur.png>
Package pdftex.def Info: Bilder/Arkitektur.png used on input line 118.
(pdftex.def)             Requested size: 455.24408pt x 254.68193pt.

Underfull \hbox (badness 10000) in paragraph at lines 115--125

 []


LaTeX Warning: `!h' float specifier changed to `!ht'.

LaTeX Font Info:    Try loading font information for OMS+ptm on input line 126.

(/usr/local/texlive/2013/texmf-dist/tex/latex/psnfss/omsptm.fd
File: omsptm.fd 
)
LaTeX Font Info:    Font shape `OMS/ptm/m/n' in size <12> not available
(Font)              Font shape `OMS/cmsy/m/n' tried instead on input line 126.
Package babel Info: Redefining swedish shorthand "|
(babel)             in language  on input line 136.
Package babel Info: Redefining swedish shorthand "~
(babel)             in language  on input line 136.
Package babel Info: Redefining swedish shorthand "|
(babel)             in language  on input line 136.
Package babel Info: Redefining swedish shorthand "~
(babel)             in language  on input line 136.
pdfTeX warning (ext4): destination with the same identifier (name{page.2}) has 
been already used, duplicate ignored
<to be read again> 
                   \relax 
l.136   \item b
               , dämparkonstant [2]
Package babel Info: Redefining swedish shorthand "|
(babel)             in language  on input line 141.
Package babel Info: Redefining swedish shorthand "~
(babel)             in language  on input line 141.
Package babel Info: Redefining swedish shorthand "|
(babel)             in language  on input line 142.
Package babel Info: Redefining swedish shorthand "~
(babel)             in language  on input line 142.
Package babel Info: Redefining swedish shorthand "|
(babel)             in language  on input line 143.
Package babel Info: Redefining swedish shorthand "~
(babel)             in language  on input line 143.
Package babel Info: Redefining swedish shorthand "|
(babel)             in language  on input line 144.
Package babel Info: Redefining swedish shorthand "~
(babel)             in language  on input line 144.
Package babel Info: Redefining swedish shorthand "|
(babel)             in language  on input line 145.
Package babel Info: Redefining swedish shorthand "~
(babel)             in language  on input line 145.
Package babel Info: Redefining swedish shorthand "|
(babel)             in language  on input line 149.
Package babel Info: Redefining swedish shorthand "~
(babel)             in language  on input line 149.
Package babel Info: Redefining swedish shorthand "|
(babel)             in language  on input line 150.
Package babel Info: Redefining swedish shorthand "~
(babel)             in language  on input line 150.
Package babel Info: Redefining swedish shorthand "|
(babel)             in language  on input line 152.
Package babel Info: Redefining swedish shorthand "~
(babel)             in language  on input line 152.

<Bilder/1D_matlab.png, id=231, 778.91pt x 358.33875pt>
File: Bilder/1D_matlab.png Graphic file (type png)

<use Bilder/1D_matlab.png>
Package pdftex.def Info: Bilder/1D_matlab.png used on input line 156.
(pdftex.def)             Requested size: 455.24408pt x 209.43321pt.


LaTeX Warning: `!h' float specifier changed to `!ht'.

Package babel Info: Redefining swedish shorthand "|
(babel)             in language  on input line 162.
Package babel Info: Redefining swedish shorthand "~
(babel)             in language  on input line 162.
<Bilder/boing.png, id=233, 750.805pt x 404.51125pt>
File: Bilder/boing.png Graphic file (type png)
 <use Bilder/boing.png>
Package pdftex.def Info: Bilder/boing.png used on input line 166.
(pdftex.def)             Requested size: 455.24408pt x 245.2763pt.
Package babel Info: Redefining swedish shorthand "|
(babel)             in language  on input line 171.
Package babel Info: Redefining swedish shorthand "~
(babel)             in language  on input line 171.
Package babel Info: Redefining swedish shorthand "|
(babel)             in language  on input line 171.
Package babel Info: Redefining swedish shorthand "~
(babel)             in language  on input line 171.
pdfTeX warning (ext4): destination with the same identifier (name{page.3}) has 
been already used, duplicate ignored
<to be read again> 
                   \relax 
l.171 
       [3 <./Bilder/Arkitektur.png>]
Package babel Info: Redefining swedish shorthand "|
(babel)             in language  on input line 172.
Package babel Info: Redefining swedish shorthand "~
(babel)             in language  on input line 172.
Package babel Info: Redefining swedish shorthand "|
(babel)             in language  on input line 173.
Package babel Info: Redefining swedish shorthand "~
(babel)             in language  on input line 173.
Package babel Info: Redefining swedish shorthand "|
(babel)             in language  on input line 176.
Package babel Info: Redefining swedish shorthand "~
(babel)             in language  on input line 176.
Package babel Info: Redefining swedish shorthand "|
(babel)             in language  on input line 180.
Package babel Info: Redefining swedish shorthand "~
(babel)             in language  on input line 180.
Package babel Info: Redefining swedish shorthand "|
(babel)             in language  on input line 192.
Package babel Info: Redefining swedish shorthand "~
(babel)             in language  on input line 192.
Package babel Info: Redefining swedish shorthand "|
(babel)             in language  on input line 192.
Package babel Info: Redefining swedish shorthand "~
(babel)             in language  on input line 192.
pdfTeX warning (ext4): destination with the same identifier (name{page.4}) has 
been already used, duplicate ignored
<to be read again> 
                   \relax 
l.192 \end{thebibliography}
                            [4 <./Bilder/1D_matlab.png (PNG copy)> <./Bilder/bo
ing.png>]
Package babel Info: Redefining swedish shorthand "|
(babel)             in language  on input line 198.
Package babel Info: Redefining swedish shorthand "~
(babel)             in language  on input line 198.
Package babel Info: Redefining swedish shorthand "|
(babel)             in language  on input line 199.
Package babel Info: Redefining swedish shorthand "~
(babel)             in language  on input line 199.
Package babel Info: Redefining swedish shorthand "|
(babel)             in language  on input line 200.
Package babel Info: Redefining swedish shorthand "~
(babel)             in language  on input line 200.
Package babel Info: Redefining swedish shorthand "|
(babel)             in language  on input line 201.
Package babel Info: Redefining swedish shorthand "~
(babel)             in language  on input line 201.
Package babel Info: Redefining swedish shorthand "|
(babel)             in language  on input line 203.
Package babel Info: Redefining swedish shorthand "~
(babel)             in language  on input line 203.
Package atveryend Info: Empty hook `BeforeClearDocument' on input line 206.
Package babel Info: Redefining swedish shorthand "|
(babel)             in language  on input line 206.
Package babel Info: Redefining swedish shorthand "~
(babel)             in language  on input line 206.
Package babel Info: Redefining swedish shorthand "|
(babel)             in language  on input line 206.
Package babel Info: Redefining swedish shorthand "~
(babel)             in language  on input line 206.
 [5]
Package atveryend Info: Empty hook `AfterLastShipout' on input line 206.
 (./rapport.aux)
Package atveryend Info: Executing hook `AtVeryEndDocument' on input line 206.
Package atveryend Info: Executing hook `AtEndAfterFileList' on input line 206.
Package rerunfilecheck Info: File `rapport.out' has not changed.
(rerunfilecheck)             Checksum: F873B4DD328DF73B5D26668172F775B9;2664.
Package atveryend Info: Empty hook `AtVeryVeryEnd' on input line 206.
 ) 
Here is how much of TeX's memory you used:
 6629 strings out of 493315
 98058 string characters out of 6137905
 191970 words of memory out of 5000000
 9929 multiletter control sequences out of 15000+600000
 38391 words of font info for 52 fonts, out of 8000000 for 9000
 957 hyphenation exceptions out of 8191
 29i,6n,43p,742b,456s stack positions out of 5000i,500n,10000p,200000b,80000s
{/usr/local/texlive/2013/texmf-dist/fonts/enc/dvips/base/8r.enc}</usr/local/t
exlive/2013/texmf-dist/fonts/type1/public/amsfonts/cm/cmsy10.pfb></usr/local/te
xlive/2013/texmf-dist/fonts/type1/urw/times/utmb8a.pfb></usr/local/texlive/2013
/texmf-dist/fonts/type1/urw/times/utmr8a.pfb></usr/local/texlive/2013/texmf-dis
t/fonts/type1/urw/times/utmri8a.pfb>
Output written on rapport.pdf (9 pages, 175635 bytes).
PDF statistics:
 279 PDF objects out of 1000 (max. 8388607)
 257 compressed objects within 3 object streams
 51 named destinations out of 1000 (max. 500000)
 312 words of extra memory for PDF output out of 10000 (max. 10000000)

